[INFO] Scanning for projects...
[INFO] 
[INFO] -----------------------< com.airton:laranja-pay >-----------------------
[INFO] Building  0.0.1-SNAPSHOT
[INFO]   from pom.xml
[INFO] --------------------------------[ jar ]---------------------------------
[INFO] 
[INFO] >>> spring-boot:4.0.3:run (default-cli) > test-compile @ laranja-pay >>>
[INFO] 
[INFO] --- resources:3.3.1:resources (default-resources) @ laranja-pay ---
[INFO] Copying 1 resource from src\main\resources to target\classes
[INFO] Copying 0 resource from src\main\resources to target\classes
[INFO] 
[INFO] --- compiler:3.14.1:compile (default-compile) @ laranja-pay ---
[INFO] Nothing to compile - all classes are up to date.
[INFO] 
[INFO] --- resources:3.3.1:testResources (default-testResources) @ laranja-pay ---
[INFO] skip non existing resourceDirectory C:\Users\Airton\Downloads\laranja-pay\src\test\resources
[INFO] 
[INFO] --- compiler:3.14.1:testCompile (default-testCompile) @ laranja-pay ---
[INFO] Nothing to compile - all classes are up to date.
[INFO] 
[INFO] <<< spring-boot:4.0.3:run (default-cli) < test-compile @ laranja-pay <<<
[INFO] 
[INFO] 
[INFO] --- spring-boot:4.0.3:run (default-cli) @ laranja-pay ---
[INFO] Attaching agents: []

  .   ____          _            __ _ _
 /\\ / ___'_ __ _ _(_)_ __  __ _ \ \ \ \
( ( )\___ | '_ | '_| | '_ \/ _` | \ \ \ \
 \\/  ___)| |_)| | | | | || (_| |  ) ) ) )
  '  |____| .__|_| |_|_| |_\__, | / / / /
 =========|_|==============|___/=/_/_/_/

 :: Spring Boot ::                (v4.0.3)

2026-03-17T15:21:00.564-03:00  INFO 12756 --- [laranja-pay] [  restartedMain] com.airton.laranja_pay.Application       : Starting Application using Java 21.0.8 with PID 12756 (C:\Users\Airton\Downloads\laranja-pay\target\classes started by Airton in C:\Users\Airton\Downloads\laranja-pay)
2026-03-17T15:21:00.569-03:00  INFO 12756 --- [laranja-pay] [  restartedMain] com.airton.laranja_pay.Application       : No active profile set, falling back to 1 default profile: "default"
2026-03-17T15:21:00.638-03:00  INFO 12756 --- [laranja-pay] [  restartedMain] .e.DevToolsPropertyDefaultsPostProcessor : Devtools property defaults active! Set 'spring.devtools.add-properties' to 'false' to disable
2026-03-17T15:21:00.638-03:00  INFO 12756 --- [laranja-pay] [  restartedMain] .e.DevToolsPropertyDefaultsPostProcessor : For additional web related logging consider setting the 'logging.level.web' property to 'DEBUG'
2026-03-17T15:21:01.529-03:00  INFO 12756 --- [laranja-pay] [  restartedMain] .s.d.r.c.RepositoryConfigurationDelegate : Bootstrapping Spring Data JPA repositories in DEFAULT mode.
2026-03-17T15:21:01.601-03:00  INFO 12756 --- [laranja-pay] [  restartedMain] .s.d.r.c.RepositoryConfigurationDelegate : Finished Spring Data repository scanning in 59 ms. Found 1 JPA repository interface.
2026-03-17T15:21:02.339-03:00  INFO 12756 --- [laranja-pay] [  restartedMain] o.s.boot.tomcat.TomcatWebServer          : Tomcat initialized with port 18080 (http)
2026-03-17T15:21:02.360-03:00  INFO 12756 --- [laranja-pay] [  restartedMain] o.apache.catalina.core.StandardService   : Starting service [Tomcat]
2026-03-17T15:21:02.361-03:00  INFO 12756 --- [laranja-pay] [  restartedMain] o.apache.catalina.core.StandardEngine    : Starting Servlet engine: [Apache Tomcat/11.0.18]
2026-03-17T15:21:02.417-03:00  INFO 12756 --- [laranja-pay] [  restartedMain] b.w.c.s.WebApplicationContextInitializer : Root WebApplicationContext: initialization completed in 1777 ms
2026-03-17T15:21:02.656-03:00  INFO 12756 --- [laranja-pay] [  restartedMain] org.hibernate.orm.jpa                    : HHH008540: Processing PersistenceUnitInfo [name: default]
2026-03-17T15:21:02.737-03:00  INFO 12756 --- [laranja-pay] [  restartedMain] org.hibernate.orm.core                   : HHH000001: Hibernate ORM core version 7.2.4.Final
2026-03-17T15:21:03.443-03:00  INFO 12756 --- [laranja-pay] [  restartedMain] o.s.o.j.p.SpringPersistenceUnitInfo      : No LoadTimeWeaver setup: ignoring JPA class transformer
2026-03-17T15:21:03.494-03:00  INFO 12756 --- [laranja-pay] [  restartedMain] com.zaxxer.hikari.HikariDataSource       : HikariPool-1 - Starting...
2026-03-17T15:21:03.733-03:00  INFO 12756 --- [laranja-pay] [  restartedMain] com.zaxxer.hikari.pool.HikariPool        : HikariPool-1 - Added connection org.postgresql.jdbc.PgConnection@5cc75cac
2026-03-17T15:21:03.736-03:00  INFO 12756 --- [laranja-pay] [  restartedMain] com.zaxxer.hikari.HikariDataSource       : HikariPool-1 - Start completed.
2026-03-17T15:21:03.837-03:00  INFO 12756 --- [laranja-pay] [  restartedMain] org.hibernate.orm.connections.pooling    : HHH10001005: Database info:
	Database JDBC URL [jdbc:postgresql://localhost:5432/Laranja-pay]
	Database driver: PostgreSQL JDBC Driver
	Database dialect: PostgreSQLDialect
	Database version: 18.3
	Default catalog/schema: Laranja-pay/public
	Autocommit mode: undefined/unknown
	Isolation level: READ_COMMITTED [default READ_COMMITTED]
	JDBC fetch size: none
	Pool: DataSourceConnectionProvider
	Minimum pool size: undefined/unknown
	Maximum pool size: undefined/unknown
2026-03-17T15:21:05.159-03:00  INFO 12756 --- [laranja-pay] [  restartedMain] org.hibernate.orm.core                   : HHH000489: No JTA platform available (set 'hibernate.transaction.jta.platform' to enable JTA platform integration)
2026-03-17T15:21:05.248-03:00  INFO 12756 --- [laranja-pay] [  restartedMain] j.LocalContainerEntityManagerFactoryBean : Initialized JPA EntityManagerFactory for persistence unit 'default'
2026-03-17T15:21:05.391-03:00  INFO 12756 --- [laranja-pay] [  restartedMain] o.s.d.j.r.query.QueryEnhancerFactories   : Hibernate is in classpath; If applicable, HQL parser will be used.
2026-03-17T15:21:05.595-03:00  WARN 12756 --- [laranja-pay] [  restartedMain] JpaBaseConfiguration$JpaWebConfiguration : spring.jpa.open-in-view is enabled by default. Therefore, database queries may be performed during view rendering. Explicitly configure spring.jpa.open-in-view to disable this warning
2026-03-17T15:21:06.100-03:00  INFO 12756 --- [laranja-pay] [  restartedMain] o.s.boot.tomcat.TomcatWebServer          : Tomcat started on port 18080 (http) with context path '/'
2026-03-17T15:21:06.106-03:00  INFO 12756 --- [laranja-pay] [  restartedMain] com.airton.laranja_pay.Application       : Started Application in 6.082 seconds (process running for 6.729)
2026-03-17T15:21:06.250-03:00  INFO 12756 --- [laranja-pay] [io-18080-exec-1] o.a.c.c.C.[Tomcat].[localhost].[/]       : Initializing Spring DispatcherServlet 'dispatcherServlet'
2026-03-17T15:21:06.251-03:00  INFO 12756 --- [laranja-pay] [io-18080-exec-1] o.s.web.servlet.DispatcherServlet        : Initializing Servlet 'dispatcherServlet'
2026-03-17T15:21:06.253-03:00  INFO 12756 --- [laranja-pay] [io-18080-exec-1] o.s.web.servlet.DispatcherServlet        : Completed initialization in 2 ms
