[INFO] Scanning for projects...
[INFO] 
[INFO] -----------------------< com.airton:laranja-pay >-----------------------
[INFO] Building  0.0.1-SNAPSHOT
[INFO]   from pom.xml
[INFO] --------------------------------[ jar ]---------------------------------
[INFO] 
[INFO] >>> spring-boot:4.0.3:run (default-cli) > test-compile @ laranja-pay >>>
[INFO] 
[INFO] --- resources:3.3.1:resources (default-resources) @ laranja-pay ---
[INFO] Copying 1 resource from src\main\resources to target\classes
[INFO] Copying 0 resource from src\main\resources to target\classes
[INFO] 
[INFO] --- compiler:3.14.1:compile (default-compile) @ laranja-pay ---
[INFO] Nothing to compile - all classes are up to date.
[INFO] 
[INFO] --- resources:3.3.1:testResources (default-testResources) @ laranja-pay ---
[INFO] skip non existing resourceDirectory C:\Users\Airton\Downloads\laranja-pay\src\test\resources
[INFO] 
[INFO] --- compiler:3.14.1:testCompile (default-testCompile) @ laranja-pay ---
[INFO] Recompiling the module because of changed dependency.
[INFO] Compiling 1 source file with javac [debug parameters release 21] to target\test-classes
[INFO] 
[INFO] <<< spring-boot:4.0.3:run (default-cli) < test-compile @ laranja-pay <<<
[INFO] 
[INFO] 
[INFO] --- spring-boot:4.0.3:run (default-cli) @ laranja-pay ---
[INFO] Attaching agents: []

  .   ____          _            __ _ _
 /\\ / ___'_ __ _ _(_)_ __  __ _ \ \ \ \
( ( )\___ | '_ | '_| | '_ \/ _` | \ \ \ \
 \\/  ___)| |_)| | | | | || (_| |  ) ) ) )
  '  |____| .__|_| |_|_| |_\__, | / / / /
 =========|_|==============|___/=/_/_/_/

 :: Spring Boot ::                (v4.0.3)

2026-03-17T15:20:21.655-03:00  INFO 10424 --- [laranja-pay] [  restartedMain] com.airton.laranja_pay.Application       : Starting Application using Java 21.0.8 with PID 10424 (C:\Users\Airton\Downloads\laranja-pay\target\classes started by Airton in C:\Users\Airton\Downloads\laranja-pay)
2026-03-17T15:20:21.660-03:00  INFO 10424 --- [laranja-pay] [  restartedMain] com.airton.laranja_pay.Application       : No active profile set, falling back to 1 default profile: "default"
2026-03-17T15:20:21.723-03:00  INFO 10424 --- [laranja-pay] [  restartedMain] .e.DevToolsPropertyDefaultsPostProcessor : Devtools property defaults active! Set 'spring.devtools.add-properties' to 'false' to disable
2026-03-17T15:20:21.724-03:00  INFO 10424 --- [laranja-pay] [  restartedMain] .e.DevToolsPropertyDefaultsPostProcessor : For additional web related logging consider setting the 'logging.level.web' property to 'DEBUG'
2026-03-17T15:20:22.496-03:00  INFO 10424 --- [laranja-pay] [  restartedMain] .s.d.r.c.RepositoryConfigurationDelegate : Bootstrapping Spring Data JPA repositories in DEFAULT mode.
2026-03-17T15:20:22.561-03:00  INFO 10424 --- [laranja-pay] [  restartedMain] .s.d.r.c.RepositoryConfigurationDelegate : Finished Spring Data repository scanning in 53 ms. Found 1 JPA repository interface.
2026-03-17T15:20:23.216-03:00  INFO 10424 --- [laranja-pay] [  restartedMain] o.s.boot.tomcat.TomcatWebServer          : Tomcat initialized with port 8082 (http)
2026-03-17T15:20:23.237-03:00  INFO 10424 --- [laranja-pay] [  restartedMain] o.apache.catalina.core.StandardService   : Starting service [Tomcat]
2026-03-17T15:20:23.237-03:00  INFO 10424 --- [laranja-pay] [  restartedMain] o.apache.catalina.core.StandardEngine    : Starting Servlet engine: [Apache Tomcat/11.0.18]
2026-03-17T15:20:23.287-03:00  INFO 10424 --- [laranja-pay] [  restartedMain] b.w.c.s.WebApplicationContextInitializer : Root WebApplicationContext: initialization completed in 1561 ms
2026-03-17T15:20:23.492-03:00  INFO 10424 --- [laranja-pay] [  restartedMain] org.hibernate.orm.jpa                    : HHH008540: Processing PersistenceUnitInfo [name: default]
2026-03-17T15:20:23.565-03:00  INFO 10424 --- [laranja-pay] [  restartedMain] org.hibernate.orm.core                   : HHH000001: Hibernate ORM core version 7.2.4.Final
2026-03-17T15:20:24.205-03:00  INFO 10424 --- [laranja-pay] [  restartedMain] o.s.o.j.p.SpringPersistenceUnitInfo      : No LoadTimeWeaver setup: ignoring JPA class transformer
2026-03-17T15:20:24.247-03:00  INFO 10424 --- [laranja-pay] [  restartedMain] com.zaxxer.hikari.HikariDataSource       : HikariPool-1 - Starting...
2026-03-17T15:20:24.467-03:00  INFO 10424 --- [laranja-pay] [  restartedMain] com.zaxxer.hikari.pool.HikariPool        : HikariPool-1 - Added connection org.postgresql.jdbc.PgConnection@5cc75cac
2026-03-17T15:20:24.469-03:00  INFO 10424 --- [laranja-pay] [  restartedMain] com.zaxxer.hikari.HikariDataSource       : HikariPool-1 - Start completed.
2026-03-17T15:20:24.565-03:00  INFO 10424 --- [laranja-pay] [  restartedMain] org.hibernate.orm.connections.pooling    : HHH10001005: Database info:
	Database JDBC URL [jdbc:postgresql://localhost:5432/Laranja-pay]
	Database driver: PostgreSQL JDBC Driver
	Database dialect: PostgreSQLDialect
	Database version: 18.3
	Default catalog/schema: Laranja-pay/public
	Autocommit mode: undefined/unknown
	Isolation level: READ_COMMITTED [default READ_COMMITTED]
	JDBC fetch size: none
	Pool: DataSourceConnectionProvider
	Minimum pool size: undefined/unknown
	Maximum pool size: undefined/unknown
2026-03-17T15:20:26.029-03:00  INFO 10424 --- [laranja-pay] [  restartedMain] org.hibernate.orm.core                   : HHH000489: No JTA platform available (set 'hibernate.transaction.jta.platform' to enable JTA platform integration)
2026-03-17T15:20:26.112-03:00  INFO 10424 --- [laranja-pay] [  restartedMain] j.LocalContainerEntityManagerFactoryBean : Initialized JPA EntityManagerFactory for persistence unit 'default'
2026-03-17T15:20:26.219-03:00  INFO 10424 --- [laranja-pay] [  restartedMain] o.s.d.j.r.query.QueryEnhancerFactories   : Hibernate is in classpath; If applicable, HQL parser will be used.
2026-03-17T15:20:26.370-03:00  WARN 10424 --- [laranja-pay] [  restartedMain] JpaBaseConfiguration$JpaWebConfiguration : spring.jpa.open-in-view is enabled by default. Therefore, database queries may be performed during view rendering. Explicitly configure spring.jpa.open-in-view to disable this warning
2026-03-17T15:20:26.759-03:00  WARN 10424 --- [laranja-pay] [  restartedMain] ConfigServletWebServerApplicationContext : Exception encountered during context initialization - cancelling refresh attempt: org.springframework.context.ApplicationContextException: Failed to start bean 'webServerStartStop'
2026-03-17T15:20:26.761-03:00  INFO 10424 --- [laranja-pay] [  restartedMain] j.LocalContainerEntityManagerFactoryBean : Closing JPA EntityManagerFactory for persistence unit 'default'
2026-03-17T15:20:26.766-03:00  INFO 10424 --- [laranja-pay] [  restartedMain] com.zaxxer.hikari.HikariDataSource       : HikariPool-1 - Shutdown initiated...
2026-03-17T15:20:26.770-03:00  INFO 10424 --- [laranja-pay] [  restartedMain] com.zaxxer.hikari.HikariDataSource       : HikariPool-1 - Shutdown completed.
2026-03-17T15:20:26.787-03:00  INFO 10424 --- [laranja-pay] [  restartedMain] .s.b.a.l.ConditionEvaluationReportLogger : 

Error starting ApplicationContext. To display the condition evaluation report re-run your application with 'debug' enabled.
2026-03-17T15:20:26.806-03:00 ERROR 10424 --- [laranja-pay] [  restartedMain] o.s.b.d.LoggingFailureAnalysisReporter   : 

***************************
APPLICATION FAILED TO START
***************************

Description:

Web server failed to start. Port 8082 was already in use.

Action:

Identify and stop the process that's listening on port 8082 or configure this application to listen on another port.

[INFO] ------------------------------------------------------------------------
[INFO] BUILD SUCCESS
[INFO] ------------------------------------------------------------------------
[INFO] Total time:  12.602 s
[INFO] Finished at: 2026-03-17T15:20:26-03:00
[INFO] ------------------------------------------------------------------------
